<?xml version="1.0" encoding="UTF-8"?>
<!-- Generated by org.testng.reporters.JUnitReportReporter -->
<testsuite hostname="DESKTOP-0IPCAG7" failures="0" tests="4" name="javaPackage.TestNG2" time="0.008" errors="0" timestamp="17 Apr 2025 04:51:02 GMT">
  <testcase classname="javaPackage.TestNG2" name="ab" time="0.002"/>
  <testcase classname="javaPackage.TestNG2" name="a1" time="0.001"/>
  <testcase classname="javaPackage.TestNG2" name="z" time="0.001"/>
  <testcase classname="javaPackage.TestNG2" name="A3" time="0.004"/>
</testsuite> <!-- javaPackage.TestNG2 -->
