<?xml version="1.0" encoding="UTF-8"?>
<!-- Generated by org.testng.reporters.JUnitReportReporter -->
<testsuite hostname="DESKTOP-0IPCAG7" failures="0" tests="4" name="javaPackage.TestNG3" time="0.024" errors="0" timestamp="17 Apr 2025 04:51:02 GMT">
  <testcase classname="javaPackage.TestNG3" name="a" time="0.015"/>
  <testcase classname="javaPackage.TestNG3" name="c" time="0.001"/>
  <testcase classname="javaPackage.TestNG3" name="b" time="0.002"/>
  <testcase classname="javaPackage.TestNG3" name="d" time="0.006"/>
</testsuite> <!-- javaPackage.TestNG3 -->
