<?xml version="1.0" encoding="UTF-8"?>
<!-- Generated by org.testng.reporters.JUnitReportReporter -->
<testsuite hostname="DESKTOP-0IPCAG7" failures="0" tests="1" name="javaPackage.Lect49Assertion3" time="0.026" errors="0" timestamp="6 Apr 2025 16:51:51 GMT">
  <testcase classname="javaPackage.Lect49Assertion3" name="testCase3" time="0.026"/>
</testsuite> <!-- javaPackage.Lect49Assertion3 -->
