<?xml version="1.0" encoding="UTF-8"?>
<!-- Generated by org.testng.reporters.JUnitReportReporter -->
<testsuite hostname="DESKTOP-0IPCAG7" failures="0" tests="3" name="javaPackage.TestNG1" time="0.010" errors="0" timestamp="17 Apr 2025 04:51:02 GMT">
  <testcase classname="javaPackage.TestNG1" name="A1" time="0.005"/>
  <testcase classname="javaPackage.TestNG1" name="a2" time="0.003"/>
  <testcase classname="javaPackage.TestNG1" name="a1" time="0.002"/>
</testsuite> <!-- javaPackage.TestNG1 -->
